[debug] [2021-09-14T06:58:55.786Z] ----------------------------------------------------------------------
[debug] [2021-09-14T06:58:55.787Z] Command:       /usr/local/bin/firebase /Users/anushan/.cache/firebase/tools/lib/node_modules/firebase-tools/lib/bin/firebase deploy
[debug] [2021-09-14T06:58:55.788Z] CLI Version:   9.16.5
[debug] [2021-09-14T06:58:55.788Z] Platform:      darwin
[debug] [2021-09-14T06:58:55.788Z] Node Version:  v12.18.1
[debug] [2021-09-14T06:58:55.791Z] Time:          Tue Sep 14 2021 12:28:55 GMT+0530 (India Standard Time)
[debug] [2021-09-14T06:58:55.792Z] ----------------------------------------------------------------------
[debug] 
[debug] [2021-09-14T06:58:55.795Z] >>> [apiv2][query] GET https://firebase-public.firebaseio.com/cli.json [none]
[debug] [2021-09-14T06:58:55.846Z] > command requires scopes: ["email","openid","https://www.googleapis.com/auth/cloudplatformprojects.readonly","https://www.googleapis.com/auth/firebase","https://www.googleapis.com/auth/cloud-platform"]
[debug] [2021-09-14T06:58:55.847Z] > authorizing via signed-in user (anushan1508@gmail.com)
[debug] [2021-09-14T06:58:55.847Z] [iam] checking project aidrevs for permissions ["firebase.projects.get","firebasehosting.sites.update"]
[debug] [2021-09-14T06:58:55.848Z] > refreshing access token with scopes: ["email","https://www.googleapis.com/auth/cloud-platform","https://www.googleapis.com/auth/cloudplatformprojects.readonly","https://www.googleapis.com/auth/firebase","openid"]
[debug] [2021-09-14T06:58:55.848Z] >>> HTTP REQUEST POST https://www.googleapis.com/oauth2/v3/token  
 <request body omitted>
[debug] [2021-09-14T06:59:25.856Z] [iam] error while checking permissions, command may fail: FirebaseError: Authentication Error: Your credentials are no longer valid. Please run firebase login --reauth

For CI servers and headless environments, generate a new token with firebase login:ci
[debug] [2021-09-14T06:59:25.861Z] > refreshing access token with scopes: []
[debug] [2021-09-14T06:59:25.862Z] >>> HTTP REQUEST POST https://www.googleapis.com/oauth2/v3/token  
 <request body omitted>
[debug] [2021-09-14T06:59:46.379Z] Authentication Error: Your credentials are no longer valid. Please run firebase login --reauth

For CI servers and headless environments, generate a new token with firebase login:ci
[debug] [2021-09-14T06:59:47.443Z] FirebaseError: Authentication Error: Your credentials are no longer valid. Please run firebase login --reauth

For CI servers and headless environments, generate a new token with firebase login:ci
    at invalidCredentialError (/Users/anushan/.cache/firebase/tools/lib/node_modules/firebase-tools/lib/auth.js:141:12)
    at refreshTokens (/Users/anushan/.cache/firebase/tools/lib/node_modules/firebase-tools/lib/auth.js:448:15)
    at processTicksAndRejections (internal/process/task_queues.js:97:5)
[error] 
[error] Error: Failed to get Firebase project aidrevs. Please make sure the project exists and your account has permission to access it.
